  AI.cpp
C:\Users\elgun\repos\battleship\battleship\battleship\AI.cpp(145,6): warning C4267: 'argument': conversion from 'size_t' to 'int', possible loss of data
C:\Users\elgun\repos\battleship\battleship\battleship\AI.cpp(437,13): warning C4267: '=': conversion from 'size_t' to 'int', possible loss of data
C:\Users\elgun\repos\battleship\battleship\battleship\AI.cpp(438,13): warning C4267: '=': conversion from 'size_t' to 'int', possible loss of data
C:\Users\elgun\repos\battleship\battleship\battleship\AI.cpp(442,13): warning C4267: '=': conversion from 'size_t' to 'int', possible loss of data
C:\Users\elgun\repos\battleship\battleship\battleship\AI.cpp(443,17): warning C4267: '=': conversion from 'size_t' to 'int', possible loss of data
  ClearConsoleArea.cpp
  ControlMenu.cpp
  AISettings.cpp
  AttackToOpponent.cpp
  CheckOverlap.cpp
  CreatePlayer.cpp
  DeletePlayersData.cpp
  Draw.cpp
  GameSettings.cpp
  GetCaretPosition.cpp
  InputCoordinates.cpp
  Screens.cpp
  InputName.cpp
  GetValidCoordinates.cpp
  main.cpp
C:\Users\elgun\repos\battleship\battleship\battleship\main.cpp(40,12): warning C4244: 'argument': conversion from 'time_t' to 'unsigned int', possible loss of data
  Game.cpp
  PlaceTheShip.cpp
  Sound.cpp
  RefreshGameScreen.cpp
  Generating Code...
C:\Users\elgun\repos\battleship\battleship\battleship\AI.cpp(324): warning C4715: 'GetMinBlock': not all control paths return a value
  Compiling...
  PrintMenu.cpp
  RandomCoordinate.cpp
  ResetPlayersData.cpp
  Start.cpp
  StartScreen.cpp
  Wait.cpp
  Generating Code...
  battleship.vcxproj -> C:\Users\elgun\repos\battleship\battleship\bin\x64\Debug\battleship.exe
