c:\users\elgun\source\repos\battleship\bin\intermediates\win32\debug\vc142.pdb
c:\users\elgun\source\repos\battleship\bin\intermediates\win32\debug\vc142.idb
c:\users\elgun\source\repos\battleship\bin\intermediates\win32\debug\typingeffect.obj
c:\users\elgun\source\repos\battleship\bin\intermediates\win32\debug\startscreen.obj
c:\users\elgun\source\repos\battleship\bin\intermediates\win32\debug\singleplayer.obj
c:\users\elgun\source\repos\battleship\bin\intermediates\win32\debug\placeships.obj
c:\users\elgun\source\repos\battleship\bin\intermediates\win32\debug\multiplayer.obj
c:\users\elgun\source\repos\battleship\bin\intermediates\win32\debug\getgamemode.obj
c:\users\elgun\source\repos\battleship\bin\intermediates\win32\debug\draw.obj
c:\users\elgun\source\repos\battleship\bin\intermediates\win32\debug\createplayer.obj
c:\users\elgun\source\repos\battleship\bin\intermediates\win32\debug\attacktoopponent.obj
c:\users\elgun\source\repos\battleship\bin\intermediates\win32\debug\main.obj
c:\users\elgun\source\repos\battleship\bin\intermediates\win32\debug\printmenu.obj
c:\users\elgun\source\repos\battleship\bin\intermediates\win32\debug\getorientation.obj
c:\users\elgun\source\repos\battleship\bin\intermediates\win32\debug\getcoordinates.obj
c:\users\elgun\source\repos\battleship\bin\intermediates\win32\debug\placetheship.obj
c:\users\elgun\source\repos\battleship\bin\intermediates\win32\debug\checkoverlap.obj
c:\users\elgun\source\repos\battleship\bin\intermediates\win32\debug\start.obj
c:\users\elgun\source\repos\battleship\bin\intermediates\win32\debug\checkwinner.obj
c:\users\elgun\source\repos\battleship\bin\intermediates\win32\debug\aftermatch.obj
c:\users\elgun\source\repos\battleship\bin\intermediates\win32\debug\placeaiships.obj
c:\users\elgun\source\repos\battleship\bin\intermediates\win32\debug\aisettings.obj
c:\users\elgun\source\repos\battleship\bin\intermediates\win32\debug\checkoverlapai.obj
c:\users\elgun\source\repos\battleship\bin\intermediates\win32\debug\getstring.obj
c:\users\elgun\source\repos\battleship\bin\intermediates\win32\debug\resetplayersdata.obj
c:\users\elgun\source\repos\battleship\bin\intermediates\win32\debug\getvalidcoordinates.obj
c:\users\elgun\source\repos\battleship\bin\intermediates\win32\debug\deleteplayersdata.obj
c:\users\elgun\source\repos\battleship\bin\intermediates\win32\debug\printwinner.obj
c:\users\elgun\source\repos\battleship\bin\intermediates\win32\debug\printboards.obj
c:\users\elgun\source\repos\battleship\bin\intermediates\win32\debug\gameover.obj
c:\users\elgun\source\repos\battleship\bin\intermediates\win32\debug\printscores.obj
c:\users\elgun\source\repos\battleship\bin\intermediates\win32\debug\easymode.obj
c:\users\elgun\source\repos\battleship\bin\intermediates\win32\debug\hardmode.obj
c:\users\elgun\source\repos\battleship\bin\intermediates\win32\debug\startsp.obj
c:\users\elgun\source\repos\battleship\bin\intermediates\win32\debug\game.obj
c:\users\elgun\source\repos\battleship\bin\intermediates\win32\debug\inputname.obj
c:\users\elgun\source\repos\battleship\bin\intermediates\win32\debug\getdiff.obj
c:\users\elgun\source\repos\battleship\bin\intermediates\win32\debug\gamemodescreen.obj
c:\users\elgun\source\repos\battleship\bin\intermediates\win32\debug\gameoverscreen.obj
c:\users\elgun\source\repos\battleship\bin\intermediates\win32\debug\controlmenu.obj
c:\users\elgun\source\repos\battleship\bin\intermediates\win32\debug\ai.obj
c:\users\elgun\source\repos\battleship\bin\intermediates\win32\debug\checkoverlap.obj.enc
c:\users\elgun\source\repos\battleship\bin\intermediates\win32\debug\createplayer.obj.enc
c:\users\elgun\source\repos\battleship\bin\intermediates\win32\debug\hardmode.obj.enc
c:\users\elgun\source\repos\battleship\bin\intermediates\win32\debug\main.obj.enc
c:\users\elgun\source\repos\battleship\bin\intermediates\win32\debug\multiplayer.obj.enc
c:\users\elgun\source\repos\battleship\bin\intermediates\win32\debug\placeaiships.obj.enc
c:\users\elgun\source\repos\battleship\bin\intermediates\win32\debug\start.obj.enc
c:\users\elgun\source\repos\battleship\bin\win32\debug\battleship.pdb
c:\users\elgun\source\repos\battleship\bin\win32\debug\battleship.exe
c:\users\elgun\source\repos\battleship\bin\win32\debug\battleship.ilk
c:\users\elgun\source\repos\battleship\bin\intermediates\win32\debug\battleship.tlog\cl.command.1.tlog
c:\users\elgun\source\repos\battleship\bin\intermediates\win32\debug\battleship.tlog\cl.read.1.tlog
c:\users\elgun\source\repos\battleship\bin\intermediates\win32\debug\battleship.tlog\cl.write.1.tlog
c:\users\elgun\source\repos\battleship\bin\intermediates\win32\debug\battleship.tlog\link.command.1.tlog
c:\users\elgun\source\repos\battleship\bin\intermediates\win32\debug\battleship.tlog\link.read.1.tlog
c:\users\elgun\source\repos\battleship\bin\intermediates\win32\debug\battleship.tlog\link.write.1.tlog
